<?xml version="1.0" encoding="UTF-8"?>
<!-- Generated by org.testng.reporters.JUnitReportReporter -->
<testsuite hostname="Ghazalas-MacBook-Pro.local" failures="0" tests="1" name="migration.LoginBasicTest" time="6.225" errors="0" timestamp="2024-11-14T16:41:48 IST" skipped="0">
  <testcase classname="migration.LoginBasicTest" name="login" time="6.225"/>
</testsuite> <!-- migration.LoginBasicTest -->
