<?xml version="1.0" encoding="UTF-8"?>
<!-- Generated by org.testng.reporters.JUnitReportReporter -->
<testsuite hostname="Ghazalas-MacBook-Pro.local" failures="0" tests="1" name="migration.specs.LoginBasicTest" time="4.481" errors="0" timestamp="2024-11-18T20:10:25 IST" skipped="0">
  <testcase classname="migration.specs.LoginBasicTest" name="loginTest" time="4.481"/>
</testsuite> <!-- migration.specs.LoginBasicTest -->
